{"level":"error","message":"Error validating arbitrage opportunity: ERROR MESSAGE =>\"Request failed with status code 429\" for endpoint :::> https://api.coingecko.com/api/v3/simple/price?ids=dai&vs_currencies=eth","timestamp":"2024-11-29T13:30:45.776Z"}
{"level":"error","message":"Error validating arbitrage opportunity: ERROR MESSAGE =>\"\" for endpoint :::> https://api.coingecko.com/api/v3/simple/price?ids=aave&vs_currencies=eth","timestamp":"2024-11-29T18:49:20.586Z"}
{"code":"ECONNRESET","errno":-4077,"level":"error","message":"Error in strategy execution: read ECONNRESET","stack":"Error: read ECONNRESET\n    at TLSWrap.onStreamRead (node:internal/stream_base_commons:218:20)","syscall":"read","timestamp":"2024-11-29T18:50:05.562Z"}
{"level":"error","message":"Error validating arbitrage opportunity: ERROR MESSAGE =>\"Request failed with status code 400\" for endpoint :::> https://api.poloniex.com/markets/AAVE/price","timestamp":"2024-11-29T18:56:44.900Z"}
{"level":"error","message":"Error validating arbitrage opportunity: ERROR MESSAGE =>\"Request failed with status code 400\" for endpoint :::> https://api.poloniex.com/markets/AAVE/price","timestamp":"2024-11-29T18:57:15.715Z"}
{"level":"error","message":"Error validating arbitrage opportunity: ERROR MESSAGE =>\"Request failed with status code 400\" for endpoint :::> https://api.poloniex.com/markets/AAVE/price","timestamp":"2024-11-29T18:57:15.731Z"}
{"level":"error","message":"Error validating arbitrage opportunity: ERROR MESSAGE =>\"Request failed with status code 400\" for endpoint :::> https://api.poloniex.com/markets/AAVE/price","timestamp":"2024-11-29T18:57:17.645Z"}
{"level":"error","message":"Error validating arbitrage opportunity: ERROR MESSAGE =>\"Request failed with status code 400\" for endpoint :::> https://api.poloniex.com/markets/AAVE/price","timestamp":"2024-11-29T18:57:20.936Z"}
{"level":"error","message":"Error validating arbitrage opportunity: ERROR MESSAGE =>\"\" for endpoint :::> https://api.poloniex.com/markets/AAVE/price","timestamp":"2024-11-29T18:57:25.744Z"}
{"level":"error","message":"Error validating arbitrage opportunity: ERROR MESSAGE =>\"Request failed with status code 400\" for endpoint :::> https://api.poloniex.com/markets/AAVE/price","timestamp":"2024-11-29T18:57:35.172Z"}
{"level":"error","message":"Error validating arbitrage opportunity: ERROR MESSAGE =>\"Request failed with status code 400\" for endpoint :::> https://api.poloniex.com/markets/AAVE/price","timestamp":"2024-11-29T18:57:38.194Z"}
{"level":"error","message":"Error validating arbitrage opportunity: ERROR MESSAGE =>\"Request failed with status code 400\" for endpoint :::> https://api.poloniex.com/markets/AAVE/price","timestamp":"2024-11-29T18:57:55.775Z"}
{"level":"error","message":"Error validating arbitrage opportunity: ERROR MESSAGE =>\"Request failed with status code 400\" for endpoint :::> https://api.poloniex.com/markets/AAVE/price","timestamp":"2024-11-29T18:58:16.234Z"}
{"level":"error","message":"Error validating arbitrage opportunity: ERROR MESSAGE =>\"Request failed with status code 400\" for endpoint :::> https://api.poloniex.com/markets/AAVE/price","timestamp":"2024-11-29T18:58:51.870Z"}
{"level":"error","message":"Error validating arbitrage opportunity: ERROR MESSAGE =>\"Request failed with status code 400\" for endpoint :::> https://api.poloniex.com/markets/AAVE/price","timestamp":"2024-11-29T18:58:58.376Z"}
{"level":"error","message":"Error validating arbitrage opportunity: ERROR MESSAGE =>\"Request failed with status code 400\" for endpoint :::> https://api.poloniex.com/markets/AAVE/price","timestamp":"2024-11-29T18:59:07.943Z"}
{"level":"error","message":"Error validating arbitrage opportunity: ERROR MESSAGE =>\"Request failed with status code 400\" for endpoint :::> https://api.poloniex.com/markets/AAVE/price","timestamp":"2024-11-29T18:59:30.177Z"}
{"level":"error","message":"Error validating arbitrage opportunity: ERROR MESSAGE =>\"Request failed with status code 400\" for endpoint :::> https://api.poloniex.com/markets/AAVE/price","timestamp":"2024-11-29T18:59:42.862Z"}
{"level":"error","message":"Error validating arbitrage opportunity: ERROR MESSAGE =>\"Request failed with status code 400\" for endpoint :::> https://api.poloniex.com/markets/AAVE/price","timestamp":"2024-11-29T18:59:50.543Z"}
{"level":"error","message":"Error validating arbitrage opportunity: ERROR MESSAGE =>\"Request failed with status code 400\" for endpoint :::> https://api.poloniex.com/markets/AAVE/price","timestamp":"2024-11-29T19:00:31.211Z"}
{"level":"error","message":"Error validating arbitrage opportunity: ERROR MESSAGE =>\"Request failed with status code 400\" for endpoint :::> https://api.poloniex.com/markets/AAVE/price","timestamp":"2024-11-29T19:00:51.779Z"}
{"level":"error","message":"Error validating arbitrage opportunity: ERROR MESSAGE =>\"Request failed with status code 400\" for endpoint :::> https://api.poloniex.com/markets/AAVE/price","timestamp":"2024-11-29T19:01:03.446Z"}
{"level":"error","message":"Error validating arbitrage opportunity: ERROR MESSAGE =>\"Request failed with status code 400\" for endpoint :::> https://api.poloniex.com/markets/AAVE/price","timestamp":"2024-11-29T19:01:10.211Z"}
{"level":"error","message":"Error validating arbitrage opportunity: ERROR MESSAGE =>\"Request failed with status code 400\" for endpoint :::> https://api.poloniex.com/markets/AAVE/price","timestamp":"2024-11-29T19:01:17.482Z"}
{"level":"error","message":"Error validating arbitrage opportunity: ERROR MESSAGE =>\"Request failed with status code 400\" for endpoint :::> https://api.poloniex.com/markets/AAVE/price","timestamp":"2024-11-29T19:01:23.931Z"}
{"level":"error","message":"Error validating arbitrage opportunity: ERROR MESSAGE =>\"Request failed with status code 400\" for endpoint :::> https://api.poloniex.com/markets/AAVE/price","timestamp":"2024-11-29T19:01:26.806Z"}
{"level":"error","message":"Error validating arbitrage opportunity: ERROR MESSAGE =>\"Request failed with status code 400\" for endpoint :::> https://api.poloniex.com/markets/AAVE/price","timestamp":"2024-11-29T19:01:42.337Z"}
{"level":"error","message":"Error validating arbitrage opportunity: ERROR MESSAGE =>\"Request failed with status code 400\" for endpoint :::> https://api.poloniex.com/markets/AAVE/price","timestamp":"2024-11-29T19:01:49.224Z"}
{"level":"error","message":"Error validating arbitrage opportunity: ERROR MESSAGE =>\"Request failed with status code 400\" for endpoint :::> https://api.poloniex.com/markets/AAVE/price","timestamp":"2024-11-29T19:01:55.820Z"}
{"level":"error","message":"Error validating arbitrage opportunity: ERROR MESSAGE =>\"Request failed with status code 400\" for endpoint :::> https://api.poloniex.com/markets/AAVE/price","timestamp":"2024-11-29T19:02:07.048Z"}
{"level":"error","message":"Error validating arbitrage opportunity: ERROR MESSAGE =>\"Request failed with status code 400\" for endpoint :::> https://api.poloniex.com/markets/AAVE/price","timestamp":"2024-11-29T19:03:22.697Z"}
{"level":"error","message":"Error validating arbitrage opportunity: ERROR MESSAGE =>\"Request failed with status code 400\" for endpoint :::> https://api.poloniex.com/markets/AAVE/price","timestamp":"2024-11-29T19:04:29.174Z"}
{"level":"error","message":"Error validating arbitrage opportunity: ERROR MESSAGE =>\"Request failed with status code 400\" for endpoint :::> https://api.poloniex.com/markets/AAVE/price","timestamp":"2024-11-29T19:04:48.152Z"}
{"level":"error","message":"Error validating arbitrage opportunity: ERROR MESSAGE =>\"Request failed with status code 400\" for endpoint :::> https://api.poloniex.com/markets/AAVE/price","timestamp":"2024-11-29T19:05:09.624Z"}
{"level":"error","message":"Error validating arbitrage opportunity: ERROR MESSAGE =>\"Request failed with status code 400\" for endpoint :::> https://api.poloniex.com/markets/AAVE/price","timestamp":"2024-11-29T19:05:12.333Z"}
{"level":"error","message":"Error validating arbitrage opportunity: ERROR MESSAGE =>\"Request failed with status code 400\" for endpoint :::> https://api.poloniex.com/markets/AAVE/price","timestamp":"2024-11-29T19:05:22.356Z"}
{"level":"error","message":"Error validating arbitrage opportunity: ERROR MESSAGE =>\"Request failed with status code 400\" for endpoint :::> https://api.poloniex.com/markets/AAVE/price","timestamp":"2024-11-29T19:05:45.360Z"}
{"level":"error","message":"Error validating arbitrage opportunity: ERROR MESSAGE =>\"Request failed with status code 400\" for endpoint :::> https://api.poloniex.com/markets/AAVE/price","timestamp":"2024-11-29T19:06:18.845Z"}
{"level":"error","message":"Error validating arbitrage opportunity: ERROR MESSAGE =>\"Request failed with status code 400\" for endpoint :::> https://api.poloniex.com/markets/AAVE/price","timestamp":"2024-11-29T19:06:21.609Z"}
{"level":"error","message":"Error validating arbitrage opportunity: ERROR MESSAGE =>\"Request failed with status code 400\" for endpoint :::> https://api.poloniex.com/markets/AAVE/price","timestamp":"2024-11-29T19:06:24.684Z"}
{"level":"error","message":"Error validating arbitrage opportunity: ERROR MESSAGE =>\"Request failed with status code 400\" for endpoint :::> https://api.poloniex.com/markets/AAVE/price","timestamp":"2024-11-29T19:06:36.294Z"}
{"level":"error","message":"Error validating arbitrage opportunity: ERROR MESSAGE =>\"Request failed with status code 400\" for endpoint :::> https://api.poloniex.com/markets/AAVE/price","timestamp":"2024-11-29T19:06:42.119Z"}
{"level":"error","message":"Error validating arbitrage opportunity: ERROR MESSAGE =>\"Request failed with status code 400\" for endpoint :::> https://api.poloniex.com/markets/AAVE/price","timestamp":"2024-11-29T19:06:45.058Z"}
{"level":"error","message":"Error validating arbitrage opportunity: ERROR MESSAGE =>\"Request failed with status code 400\" for endpoint :::> https://api.poloniex.com/markets/AAVE/price","timestamp":"2024-11-29T19:06:54.788Z"}
{"level":"error","message":"Error validating arbitrage opportunity: ERROR MESSAGE =>\"Request failed with status code 400\" for endpoint :::> https://api.poloniex.com/markets/AAVE/price","timestamp":"2024-11-29T19:07:08.208Z"}
{"level":"error","message":"Error validating arbitrage opportunity: ERROR MESSAGE =>\"Request failed with status code 400\" for endpoint :::> https://api.poloniex.com/markets/AAVE/price","timestamp":"2024-11-29T19:07:17.044Z"}
{"level":"error","message":"Error validating arbitrage opportunity: ERROR MESSAGE =>\"Request failed with status code 400\" for endpoint :::> https://api.poloniex.com/markets/AAVE/price","timestamp":"2024-11-29T19:07:28.883Z"}
{"level":"error","message":"Error validating arbitrage opportunity: ERROR MESSAGE =>\"Request failed with status code 400\" for endpoint :::> https://api.poloniex.com/markets/AAVE/price","timestamp":"2024-11-29T19:07:50.507Z"}
{"level":"error","message":"Error validating arbitrage opportunity: ERROR MESSAGE =>\"Request failed with status code 400\" for endpoint :::> https://api.poloniex.com/markets/AAVE/price","timestamp":"2024-11-29T19:07:57.248Z"}
{"level":"error","message":"Error validating arbitrage opportunity: ERROR MESSAGE =>\"Request failed with status code 400\" for endpoint :::> https://api.poloniex.com/markets/AAVE/price","timestamp":"2024-11-29T19:08:27.561Z"}
{"level":"error","message":"Error validating arbitrage opportunity: ERROR MESSAGE =>\"Request failed with status code 400\" for endpoint :::> https://api.poloniex.com/markets/AAVE/price","timestamp":"2024-11-29T19:08:53.263Z"}
{"level":"error","message":"Error validating arbitrage opportunity: ERROR MESSAGE =>\"Request failed with status code 400\" for endpoint :::> https://api.poloniex.com/markets/AAVE/price","timestamp":"2024-11-29T19:09:00.286Z"}
{"level":"error","message":"Error validating arbitrage opportunity: ERROR MESSAGE =>\"Request failed with status code 400\" for endpoint :::> https://api.poloniex.com/markets/AAVE/price","timestamp":"2024-11-29T19:09:11.403Z"}
{"level":"error","message":"Error validating arbitrage opportunity: ERROR MESSAGE =>\"Request failed with status code 400\" for endpoint :::> https://api.poloniex.com/markets/AAVE/price","timestamp":"2024-11-29T19:09:27.471Z"}
{"level":"error","message":"Error validating arbitrage opportunity: ERROR MESSAGE =>\"Request failed with status code 400\" for endpoint :::> https://api.poloniex.com/markets/AAVE/price","timestamp":"2024-11-29T19:09:45.800Z"}
{"level":"error","message":"Error validating arbitrage opportunity: ERROR MESSAGE =>\"Request failed with status code 400\" for endpoint :::> https://api.poloniex.com/markets/AAVE/price","timestamp":"2024-11-29T19:10:07.309Z"}
{"level":"error","message":"Error validating arbitrage opportunity: ERROR MESSAGE =>\"Request failed with status code 400\" for endpoint :::> https://api.poloniex.com/markets/AAVE/price","timestamp":"2024-11-29T19:10:24.857Z"}
{"level":"error","message":"Error validating arbitrage opportunity: ERROR MESSAGE =>\"Request failed with status code 400\" for endpoint :::> https://api.poloniex.com/markets/AAVE/price","timestamp":"2024-11-29T19:10:46.556Z"}
{"level":"error","message":"Error validating arbitrage opportunity: ERROR MESSAGE =>\"Request failed with status code 400\" for endpoint :::> https://api.poloniex.com/markets/AAVE/price","timestamp":"2024-11-29T19:10:49.083Z"}
{"level":"error","message":"Error validating arbitrage opportunity: ERROR MESSAGE =>\"Request failed with status code 400\" for endpoint :::> https://api.poloniex.com/markets/AAVE/price","timestamp":"2024-11-29T19:12:06.912Z"}
{"level":"error","message":"Error validating arbitrage opportunity: ERROR MESSAGE =>\"Request failed with status code 400\" for endpoint :::> https://api.poloniex.com/markets/AAVE/price","timestamp":"2024-11-29T19:12:13.882Z"}
{"level":"error","message":"Error validating arbitrage opportunity: ERROR MESSAGE =>\"Request failed with status code 400\" for endpoint :::> https://api.poloniex.com/markets/AAVE/price","timestamp":"2024-11-29T19:12:28.041Z"}
{"level":"error","message":"Error validating arbitrage opportunity: ERROR MESSAGE =>\"Request failed with status code 400\" for endpoint :::> https://api.poloniex.com/markets/AAVE/price","timestamp":"2024-11-29T19:12:46.293Z"}
{"level":"error","message":"Error validating arbitrage opportunity: ERROR MESSAGE =>\"Request failed with status code 400\" for endpoint :::> https://api.poloniex.com/markets/AAVE/price","timestamp":"2024-11-29T19:12:55.850Z"}
{"level":"error","message":"Error validating arbitrage opportunity: ERROR MESSAGE =>\"Request failed with status code 400\" for endpoint :::> https://api.poloniex.com/markets/AAVE/price","timestamp":"2024-11-29T19:13:16.309Z"}
{"level":"error","message":"Error validating arbitrage opportunity: ERROR MESSAGE =>\"Request failed with status code 400\" for endpoint :::> https://api.poloniex.com/markets/AAVE/price","timestamp":"2024-11-29T19:14:09.626Z"}
{"level":"error","message":"Error validating arbitrage opportunity: ERROR MESSAGE =>\"Request failed with status code 400\" for endpoint :::> https://api.poloniex.com/markets/AAVE/price","timestamp":"2024-11-29T19:14:28.420Z"}
{"level":"error","message":"Error validating arbitrage opportunity: ERROR MESSAGE =>\"Request failed with status code 400\" for endpoint :::> https://api.poloniex.com/markets/AAVE/price","timestamp":"2024-11-29T19:14:31.287Z"}
{"level":"error","message":"Error validating arbitrage opportunity: ERROR MESSAGE =>\"Request failed with status code 400\" for endpoint :::> https://api.poloniex.com/markets/AAVE/price","timestamp":"2024-11-29T19:15:06.258Z"}
{"level":"error","message":"Error validating arbitrage opportunity: ERROR MESSAGE =>\"Request failed with status code 400\" for endpoint :::> https://api.poloniex.com/markets/DAI/price","timestamp":"2024-11-29T19:15:06.294Z"}
{"level":"error","message":"Error validating arbitrage opportunity: ERROR MESSAGE =>\"Request failed with status code 400\" for endpoint :::> https://api.poloniex.com/markets/DAI/price","timestamp":"2024-11-29T19:15:13.793Z"}
{"level":"error","message":"Error validating arbitrage opportunity: ERROR MESSAGE =>\"Request failed with status code 400\" for endpoint :::> https://api.poloniex.com/markets/AAVE/price","timestamp":"2024-11-29T19:15:13.795Z"}
{"level":"error","message":"Error validating arbitrage opportunity: ERROR MESSAGE =>\"Request failed with status code 400\" for endpoint :::> https://api.poloniex.com/markets/DAI/price","timestamp":"2024-11-29T19:15:37.436Z"}
{"level":"error","message":"Error validating arbitrage opportunity: ERROR MESSAGE =>\"Request failed with status code 400\" for endpoint :::> https://api.poloniex.com/markets/AAVE/price","timestamp":"2024-11-29T19:15:37.440Z"}
{"level":"error","message":"Error validating arbitrage opportunity: ERROR MESSAGE =>\"Request failed with status code 400\" for endpoint :::> https://api.poloniex.com/markets/DAI/price","timestamp":"2024-11-29T19:15:52.797Z"}
{"level":"error","message":"Error validating arbitrage opportunity: ERROR MESSAGE =>\"Request failed with status code 400\" for endpoint :::> https://api.poloniex.com/markets/AAVE/price","timestamp":"2024-11-29T19:15:52.801Z"}
{"level":"error","message":"Error validating arbitrage opportunity: ERROR MESSAGE =>\"Request failed with status code 400\" for endpoint :::> https://api.poloniex.com/markets/AAVE/price","timestamp":"2024-11-29T19:16:15.121Z"}
{"level":"error","message":"Error validating arbitrage opportunity: ERROR MESSAGE =>\"Request failed with status code 400\" for endpoint :::> https://api.poloniex.com/markets/DAI/price","timestamp":"2024-11-29T19:16:15.126Z"}
{"level":"error","message":"Error validating arbitrage opportunity: ERROR MESSAGE =>\"Request failed with status code 400\" for endpoint :::> https://api.poloniex.com/markets/AAVE/price","timestamp":"2024-11-29T19:16:45.535Z"}
{"level":"error","message":"Error validating arbitrage opportunity: ERROR MESSAGE =>\"Request failed with status code 400\" for endpoint :::> https://api.poloniex.com/markets/DAI/price","timestamp":"2024-11-29T19:16:45.583Z"}
{"level":"error","message":"Error validating arbitrage opportunity: ERROR MESSAGE =>\"Request failed with status code 400\" for endpoint :::> https://api.poloniex.com/markets/DAI/price","timestamp":"2024-11-29T19:16:48.289Z"}
{"level":"error","message":"Error validating arbitrage opportunity: ERROR MESSAGE =>\"Request failed with status code 400\" for endpoint :::> https://api.poloniex.com/markets/AAVE/price","timestamp":"2024-11-29T19:16:48.333Z"}
{"level":"error","message":"Error validating arbitrage opportunity: ERROR MESSAGE =>\"Request failed with status code 400\" for endpoint :::> https://api.poloniex.com/markets/DAI/price","timestamp":"2024-11-29T19:16:51.473Z"}
{"level":"error","message":"Error validating arbitrage opportunity: ERROR MESSAGE =>\"Request failed with status code 400\" for endpoint :::> https://api.poloniex.com/markets/AAVE/price","timestamp":"2024-11-29T19:16:51.476Z"}
{"level":"error","message":"Error validating arbitrage opportunity: ERROR MESSAGE =>\"Request failed with status code 400\" for endpoint :::> https://api.poloniex.com/markets/AAVE/price","timestamp":"2024-11-29T19:17:06.274Z"}
{"level":"error","message":"Error validating arbitrage opportunity: ERROR MESSAGE =>\"Request failed with status code 400\" for endpoint :::> https://api.poloniex.com/markets/DAI/price","timestamp":"2024-11-29T19:17:06.319Z"}
{"level":"error","message":"Error validating arbitrage opportunity: ERROR MESSAGE =>\"Request failed with status code 400\" for endpoint :::> https://api.poloniex.com/markets/DAI/price","timestamp":"2024-11-29T19:17:36.669Z"}
{"level":"error","message":"Error validating arbitrage opportunity: ERROR MESSAGE =>\"Request failed with status code 400\" for endpoint :::> https://api.poloniex.com/markets/AAVE/price","timestamp":"2024-11-29T19:17:36.677Z"}
{"level":"error","message":"Error validating arbitrage opportunity: ERROR MESSAGE =>\"Request failed with status code 400\" for endpoint :::> https://api.poloniex.com/markets/DAI/price","timestamp":"2024-11-29T19:17:49.263Z"}
{"level":"error","message":"Error validating arbitrage opportunity: ERROR MESSAGE =>\"Request failed with status code 400\" for endpoint :::> https://api.poloniex.com/markets/AAVE/price","timestamp":"2024-11-29T19:17:49.318Z"}
{"level":"error","message":"Error validating arbitrage opportunity: ERROR MESSAGE =>\"Request failed with status code 400\" for endpoint :::> https://api.poloniex.com/markets/DAI/price","timestamp":"2024-11-29T19:18:45.959Z"}
{"level":"error","message":"Error validating arbitrage opportunity: ERROR MESSAGE =>\"Request failed with status code 400\" for endpoint :::> https://api.poloniex.com/markets/AAVE/price","timestamp":"2024-11-29T19:18:45.962Z"}
{"level":"error","message":"Error validating arbitrage opportunity: ERROR MESSAGE =>\"Request failed with status code 400\" for endpoint :::> https://api.poloniex.com/markets/AAVE/price","timestamp":"2024-11-29T19:18:49.235Z"}
{"level":"error","message":"Error validating arbitrage opportunity: ERROR MESSAGE =>\"Request failed with status code 400\" for endpoint :::> https://api.poloniex.com/markets/DAI/price","timestamp":"2024-11-29T19:18:49.238Z"}
{"level":"error","message":"Error validating arbitrage opportunity: ERROR MESSAGE =>\"Request failed with status code 400\" for endpoint :::> https://api.poloniex.com/markets/AAVE/price","timestamp":"2024-11-29T19:18:56.250Z"}
{"level":"error","message":"Error validating arbitrage opportunity: ERROR MESSAGE =>\"Request failed with status code 400\" for endpoint :::> https://api.poloniex.com/markets/DAI/price","timestamp":"2024-11-29T19:18:56.286Z"}
{"level":"error","message":"Error validating arbitrage opportunity: ERROR MESSAGE =>\"Request failed with status code 400\" for endpoint :::> https://api.poloniex.com/markets/DAI/price","timestamp":"2024-11-29T19:18:59.269Z"}
{"level":"error","message":"Error validating arbitrage opportunity: ERROR MESSAGE =>\"Request failed with status code 400\" for endpoint :::> https://api.poloniex.com/markets/AAVE/price","timestamp":"2024-11-29T19:18:59.272Z"}
{"level":"error","message":"Error validating arbitrage opportunity: ERROR MESSAGE =>\"Request failed with status code 400\" for endpoint :::> https://api.poloniex.com/markets/AAVE/price","timestamp":"2024-11-29T19:19:02.382Z"}
{"level":"error","message":"Error validating arbitrage opportunity: ERROR MESSAGE =>\"Request failed with status code 400\" for endpoint :::> https://api.poloniex.com/markets/DAI/price","timestamp":"2024-11-29T19:19:02.405Z"}
{"level":"error","message":"Error validating arbitrage opportunity: ERROR MESSAGE =>\"Request failed with status code 400\" for endpoint :::> https://api.poloniex.com/markets/AAVE/price","timestamp":"2024-11-29T19:19:10.021Z"}
{"level":"error","message":"Error validating arbitrage opportunity: ERROR MESSAGE =>\"Request failed with status code 400\" for endpoint :::> https://api.poloniex.com/markets/DAI/price","timestamp":"2024-11-29T19:19:10.030Z"}
{"level":"error","message":"Error validating arbitrage opportunity: ERROR MESSAGE =>\"Request failed with status code 400\" for endpoint :::> https://api.poloniex.com/markets/DAI/price","timestamp":"2024-11-29T19:19:12.897Z"}
{"level":"error","message":"Error validating arbitrage opportunity: ERROR MESSAGE =>\"Request failed with status code 400\" for endpoint :::> https://api.poloniex.com/markets/AAVE/price","timestamp":"2024-11-29T19:19:12.957Z"}
{"level":"error","message":"Error validating arbitrage opportunity: ERROR MESSAGE =>\"Request failed with status code 400\" for endpoint :::> https://api.poloniex.com/markets/AAVE/price","timestamp":"2024-11-29T19:19:16.681Z"}
{"level":"error","message":"Error validating arbitrage opportunity: ERROR MESSAGE =>\"Request failed with status code 400\" for endpoint :::> https://api.poloniex.com/markets/DAI/price","timestamp":"2024-11-29T19:19:16.684Z"}
{"level":"error","message":"Error validating arbitrage opportunity: ERROR MESSAGE =>\"Request failed with status code 400\" for endpoint :::> https://api.poloniex.com/markets/DAI/price","timestamp":"2024-11-29T19:19:21.285Z"}
{"level":"error","message":"Error validating arbitrage opportunity: ERROR MESSAGE =>\"Request failed with status code 400\" for endpoint :::> https://api.poloniex.com/markets/AAVE/price","timestamp":"2024-11-29T19:19:21.288Z"}
{"level":"error","message":"Error validating arbitrage opportunity: ERROR MESSAGE =>\"Request failed with status code 400\" for endpoint :::> https://api.poloniex.com/markets/AAVE/price","timestamp":"2024-11-29T19:19:41.971Z"}
{"level":"error","message":"Error validating arbitrage opportunity: ERROR MESSAGE =>\"Request failed with status code 400\" for endpoint :::> https://api.poloniex.com/markets/DAI/price","timestamp":"2024-11-29T19:19:41.975Z"}
{"level":"error","message":"Error validating arbitrage opportunity: ERROR MESSAGE =>\"Request failed with status code 400\" for endpoint :::> https://api.poloniex.com/markets/AAVE/price","timestamp":"2024-11-29T19:20:34.386Z"}
{"level":"error","message":"Error validating arbitrage opportunity: ERROR MESSAGE =>\"Request failed with status code 400\" for endpoint :::> https://api.poloniex.com/markets/DAI/price","timestamp":"2024-11-29T19:20:34.493Z"}
{"level":"error","message":"Error validating arbitrage opportunity: ERROR MESSAGE =>\"Request failed with status code 400\" for endpoint :::> https://api.poloniex.com/markets/DAI/price","timestamp":"2024-11-29T19:21:54.257Z"}
{"level":"error","message":"Error validating arbitrage opportunity: ERROR MESSAGE =>\"Request failed with status code 400\" for endpoint :::> https://api.poloniex.com/markets/AAVE/price","timestamp":"2024-11-29T19:21:54.322Z"}
{"level":"error","message":"Error validating arbitrage opportunity: ERROR MESSAGE =>\"Request failed with status code 400\" for endpoint :::> https://api.poloniex.com/markets/AAVE/price","timestamp":"2024-11-29T19:23:00.841Z"}
{"level":"error","message":"Error validating arbitrage opportunity: ERROR MESSAGE =>\"Request failed with status code 400\" for endpoint :::> https://api.poloniex.com/markets/DAI/price","timestamp":"2024-11-29T19:23:00.845Z"}
{"level":"error","message":"Error validating arbitrage opportunity: ERROR MESSAGE =>\"Request failed with status code 400\" for endpoint :::> https://api.poloniex.com/markets/DAI/price","timestamp":"2024-11-29T19:23:04.214Z"}
{"level":"error","message":"Error validating arbitrage opportunity: ERROR MESSAGE =>\"Request failed with status code 400\" for endpoint :::> https://api.poloniex.com/markets/AAVE/price","timestamp":"2024-11-29T19:23:04.218Z"}
{"level":"error","message":"Error validating arbitrage opportunity: ERROR MESSAGE =>\"Request failed with status code 400\" for endpoint :::> https://api.poloniex.com/markets/AAVE/price","timestamp":"2024-11-29T19:23:40.153Z"}
{"level":"error","message":"Error validating arbitrage opportunity: ERROR MESSAGE =>\"Request failed with status code 400\" for endpoint :::> https://api.poloniex.com/markets/DAI/price","timestamp":"2024-11-29T19:23:40.175Z"}
{"level":"error","message":"Error validating arbitrage opportunity: ERROR MESSAGE =>\"Request failed with status code 400\" for endpoint :::> https://api.poloniex.com/markets/AAVE/price","timestamp":"2024-11-29T19:23:47.322Z"}
{"level":"error","message":"Error validating arbitrage opportunity: ERROR MESSAGE =>\"Request failed with status code 400\" for endpoint :::> https://api.poloniex.com/markets/DAI/price","timestamp":"2024-11-29T19:23:47.325Z"}
{"level":"error","message":"Error validating arbitrage opportunity: ERROR MESSAGE =>\"Request failed with status code 400\" for endpoint :::> https://api.poloniex.com/markets/DAI/price","timestamp":"2024-11-29T19:24:18.645Z"}
{"level":"error","message":"Error validating arbitrage opportunity: ERROR MESSAGE =>\"Request failed with status code 400\" for endpoint :::> https://api.poloniex.com/markets/AAVE/price","timestamp":"2024-11-29T19:24:18.750Z"}
{"level":"error","message":"Error validating arbitrage opportunity: ERROR MESSAGE =>\"Request failed with status code 400\" for endpoint :::> https://api.poloniex.com/markets/AAVE/price","timestamp":"2024-11-29T19:24:31.520Z"}
{"level":"error","message":"Error validating arbitrage opportunity: ERROR MESSAGE =>\"Request failed with status code 400\" for endpoint :::> https://api.poloniex.com/markets/DAI/price","timestamp":"2024-11-29T19:24:31.524Z"}
{"level":"error","message":"Error validating arbitrage opportunity: ERROR MESSAGE =>\"Request failed with status code 400\" for endpoint :::> https://api.poloniex.com/markets/AAVE/price","timestamp":"2024-11-29T19:25:20.504Z"}
{"level":"error","message":"Error validating arbitrage opportunity: ERROR MESSAGE =>\"Request failed with status code 400\" for endpoint :::> https://api.poloniex.com/markets/DAI/price","timestamp":"2024-11-29T19:25:20.509Z"}
{"level":"error","message":"Error validating arbitrage opportunity: ERROR MESSAGE =>\"Request failed with status code 400\" for endpoint :::> https://api.poloniex.com/markets/DAI/price","timestamp":"2024-11-29T19:25:21.019Z"}
{"level":"error","message":"Error validating arbitrage opportunity: ERROR MESSAGE =>\"Request failed with status code 400\" for endpoint :::> https://api.poloniex.com/markets/AAVE/price","timestamp":"2024-11-29T19:25:21.076Z"}
{"level":"error","message":"Error validating arbitrage opportunity: ERROR MESSAGE =>\"Request failed with status code 400\" for endpoint :::> https://api.poloniex.com/markets/AAVE/price","timestamp":"2024-11-29T19:25:24.117Z"}
{"level":"error","message":"Error validating arbitrage opportunity: ERROR MESSAGE =>\"Request failed with status code 400\" for endpoint :::> https://api.poloniex.com/markets/DAI/price","timestamp":"2024-11-29T19:25:24.178Z"}
{"level":"error","message":"Error validating arbitrage opportunity: ERROR MESSAGE =>\"Request failed with status code 400\" for endpoint :::> https://api.poloniex.com/markets/DAI/price","timestamp":"2024-11-29T19:25:48.360Z"}
{"level":"error","message":"Error validating arbitrage opportunity: ERROR MESSAGE =>\"Request failed with status code 400\" for endpoint :::> https://api.poloniex.com/markets/AAVE/price","timestamp":"2024-11-29T19:25:48.368Z"}
{"level":"error","message":"Error validating arbitrage opportunity: ERROR MESSAGE =>\"Request failed with status code 400\" for endpoint :::> https://api.poloniex.com/markets/AAVE/price","timestamp":"2024-11-29T19:26:02.293Z"}
{"level":"error","message":"Error validating arbitrage opportunity: ERROR MESSAGE =>\"Request failed with status code 400\" for endpoint :::> https://api.poloniex.com/markets/DAI/price","timestamp":"2024-11-29T19:26:02.322Z"}
{"level":"error","message":"Error validating arbitrage opportunity: ERROR MESSAGE =>\"Request failed with status code 400\" for endpoint :::> https://api.poloniex.com/markets/DAI/price","timestamp":"2024-11-29T19:26:52.051Z"}
{"level":"error","message":"Error validating arbitrage opportunity: ERROR MESSAGE =>\"Request failed with status code 400\" for endpoint :::> https://api.poloniex.com/markets/AAVE/price","timestamp":"2024-11-29T19:26:52.057Z"}
{"level":"error","message":"Error validating arbitrage opportunity: ERROR MESSAGE =>\"Request failed with status code 400\" for endpoint :::> https://api.poloniex.com/markets/DAI/price","timestamp":"2024-11-29T19:26:59.118Z"}
{"level":"error","message":"Error validating arbitrage opportunity: ERROR MESSAGE =>\"Request failed with status code 400\" for endpoint :::> https://api.poloniex.com/markets/AAVE/price","timestamp":"2024-11-29T19:26:59.122Z"}
{"level":"error","message":"Error validating arbitrage opportunity: ERROR MESSAGE =>\"Request failed with status code 400\" for endpoint :::> https://api.poloniex.com/markets/AAVE/price","timestamp":"2024-11-29T19:27:01.985Z"}
{"level":"error","message":"Error validating arbitrage opportunity: ERROR MESSAGE =>\"Request failed with status code 400\" for endpoint :::> https://api.poloniex.com/markets/DAI/price","timestamp":"2024-11-29T19:27:01.988Z"}
{"level":"error","message":"Error validating arbitrage opportunity: ERROR MESSAGE =>\"Request failed with status code 400\" for endpoint :::> https://api.poloniex.com/markets/DAI/price","timestamp":"2024-11-29T19:27:08.846Z"}
{"level":"error","message":"Error validating arbitrage opportunity: ERROR MESSAGE =>\"Request failed with status code 400\" for endpoint :::> https://api.poloniex.com/markets/AAVE/price","timestamp":"2024-11-29T19:27:08.850Z"}
{"level":"error","message":"Error validating arbitrage opportunity: ERROR MESSAGE =>\"Request failed with status code 400\" for endpoint :::> https://api.poloniex.com/markets/DAI/price","timestamp":"2024-11-29T19:27:11.498Z"}
{"level":"error","message":"Error validating arbitrage opportunity: ERROR MESSAGE =>\"Request failed with status code 400\" for endpoint :::> https://api.poloniex.com/markets/AAVE/price","timestamp":"2024-11-29T19:27:11.505Z"}
{"level":"error","message":"Error validating arbitrage opportunity: ERROR MESSAGE =>\"Request failed with status code 400\" for endpoint :::> https://api.poloniex.com/markets/AAVE/price","timestamp":"2024-11-29T19:27:28.309Z"}
{"level":"error","message":"Error validating arbitrage opportunity: ERROR MESSAGE =>\"Request failed with status code 400\" for endpoint :::> https://api.poloniex.com/markets/DAI/price","timestamp":"2024-11-29T19:27:28.354Z"}
{"level":"error","message":"Error validating arbitrage opportunity: ERROR MESSAGE =>\"Request failed with status code 400\" for endpoint :::> https://api.poloniex.com/markets/AAVE/price","timestamp":"2024-11-29T19:27:44.276Z"}
{"level":"error","message":"Error validating arbitrage opportunity: ERROR MESSAGE =>\"Request failed with status code 400\" for endpoint :::> https://api.poloniex.com/markets/DAI/price","timestamp":"2024-11-29T19:27:44.279Z"}
{"level":"error","message":"Error validating arbitrage opportunity: ERROR MESSAGE =>\"Request failed with status code 400\" for endpoint :::> https://api.poloniex.com/markets/AAVE/price","timestamp":"2024-11-29T19:28:28.627Z"}
{"level":"error","message":"Error validating arbitrage opportunity: ERROR MESSAGE =>\"Request failed with status code 400\" for endpoint :::> https://api.poloniex.com/markets/DAI/price","timestamp":"2024-11-29T19:28:28.652Z"}
{"level":"error","message":"Error validating arbitrage opportunity: ERROR MESSAGE =>\"Request failed with status code 400\" for endpoint :::> https://api.poloniex.com/markets/AAVE/price","timestamp":"2024-11-29T19:28:35.716Z"}
{"level":"error","message":"Error validating arbitrage opportunity: ERROR MESSAGE =>\"Request failed with status code 400\" for endpoint :::> https://api.poloniex.com/markets/DAI/price","timestamp":"2024-11-29T19:28:35.767Z"}
{"level":"error","message":"Error validating arbitrage opportunity: ERROR MESSAGE =>\"Request failed with status code 400\" for endpoint :::> https://api.poloniex.com/markets/DAI/price","timestamp":"2024-11-29T19:28:38.531Z"}
{"level":"error","message":"Error validating arbitrage opportunity: ERROR MESSAGE =>\"Request failed with status code 400\" for endpoint :::> https://api.poloniex.com/markets/AAVE/price","timestamp":"2024-11-29T19:28:38.536Z"}
{"level":"error","message":"Error validating arbitrage opportunity: ERROR MESSAGE =>\"Request failed with status code 400\" for endpoint :::> https://api.poloniex.com/markets/AAVE/price","timestamp":"2024-11-29T19:28:42.030Z"}
{"level":"error","message":"Error validating arbitrage opportunity: ERROR MESSAGE =>\"Request failed with status code 400\" for endpoint :::> https://api.poloniex.com/markets/DAI/price","timestamp":"2024-11-29T19:28:42.032Z"}
{"level":"error","message":"Error validating arbitrage opportunity: ERROR MESSAGE =>\"Request failed with status code 400\" for endpoint :::> https://api.poloniex.com/markets/DAI/price","timestamp":"2024-11-29T19:29:03.009Z"}
{"level":"error","message":"Error validating arbitrage opportunity: ERROR MESSAGE =>\"Request failed with status code 400\" for endpoint :::> https://api.poloniex.com/markets/AAVE/price","timestamp":"2024-11-29T19:29:03.070Z"}
{"level":"error","message":"Error validating arbitrage opportunity: ERROR MESSAGE =>\"Request failed with status code 400\" for endpoint :::> https://api.poloniex.com/markets/DAI/price","timestamp":"2024-11-29T19:29:05.684Z"}
{"level":"error","message":"Error validating arbitrage opportunity: ERROR MESSAGE =>\"Request failed with status code 400\" for endpoint :::> https://api.poloniex.com/markets/AAVE/price","timestamp":"2024-11-29T19:29:05.688Z"}
{"level":"error","message":"Error validating arbitrage opportunity: ERROR MESSAGE =>\"Request failed with status code 400\" for endpoint :::> https://api.poloniex.com/markets/DAI/price","timestamp":"2024-11-29T19:29:16.694Z"}
{"level":"error","message":"Error validating arbitrage opportunity: ERROR MESSAGE =>\"Request failed with status code 400\" for endpoint :::> https://api.poloniex.com/markets/AAVE/price","timestamp":"2024-11-29T19:29:16.698Z"}
{"level":"error","message":"Error validating arbitrage opportunity: ERROR MESSAGE =>\"Request failed with status code 400\" for endpoint :::> https://api.poloniex.com/markets/AAVE/price","timestamp":"2024-11-29T19:29:46.748Z"}
{"level":"error","message":"Error validating arbitrage opportunity: ERROR MESSAGE =>\"Request failed with status code 400\" for endpoint :::> https://api.poloniex.com/markets/DAI/price","timestamp":"2024-11-29T19:29:46.752Z"}
{"level":"error","message":"Error validating arbitrage opportunity: ERROR MESSAGE =>\"Request failed with status code 400\" for endpoint :::> https://api.poloniex.com/markets/AAVE/price","timestamp":"2024-11-29T19:30:25.724Z"}
{"level":"error","message":"Error validating arbitrage opportunity: ERROR MESSAGE =>\"Request failed with status code 400\" for endpoint :::> https://api.poloniex.com/markets/DAI/price","timestamp":"2024-11-29T19:30:25.754Z"}
{"level":"error","message":"Error validating arbitrage opportunity: ERROR MESSAGE =>\"Request failed with status code 400\" for endpoint :::> https://api.poloniex.com/markets/DAI/price","timestamp":"2024-11-29T19:30:28.834Z"}
{"level":"error","message":"Error validating arbitrage opportunity: ERROR MESSAGE =>\"Request failed with status code 400\" for endpoint :::> https://api.poloniex.com/markets/AAVE/price","timestamp":"2024-11-29T19:30:28.837Z"}
{"level":"error","message":"Error validating arbitrage opportunity: ERROR MESSAGE =>\"Request failed with status code 400\" for endpoint :::> https://api.poloniex.com/markets/DAI/price","timestamp":"2024-11-29T19:30:54.136Z"}
{"level":"error","message":"Error validating arbitrage opportunity: ERROR MESSAGE =>\"Request failed with status code 400\" for endpoint :::> https://api.poloniex.com/markets/AAVE/price","timestamp":"2024-11-29T19:30:54.139Z"}
{"level":"error","message":"Error validating arbitrage opportunity: ERROR MESSAGE =>\"Request failed with status code 400\" for endpoint :::> https://api.poloniex.com/markets/AAVE/price","timestamp":"2024-11-29T19:31:02.111Z"}
{"level":"error","message":"Error validating arbitrage opportunity: ERROR MESSAGE =>\"Request failed with status code 400\" for endpoint :::> https://api.poloniex.com/markets/DAI/price","timestamp":"2024-11-29T19:31:02.319Z"}
{"level":"error","message":"Error validating arbitrage opportunity: ERROR MESSAGE =>\"Request failed with status code 400\" for endpoint :::> https://api.poloniex.com/markets/AAVE/price","timestamp":"2024-11-29T19:31:26.019Z"}
{"level":"error","message":"Error validating arbitrage opportunity: ERROR MESSAGE =>\"Request failed with status code 400\" for endpoint :::> https://api.poloniex.com/markets/DAI/price","timestamp":"2024-11-29T19:31:26.024Z"}
{"level":"error","message":"Error validating arbitrage opportunity: ERROR MESSAGE =>\"Request failed with status code 400\" for endpoint :::> https://api.poloniex.com/markets/AAVE/price","timestamp":"2024-11-29T19:31:44.202Z"}
{"level":"error","message":"Error validating arbitrage opportunity: ERROR MESSAGE =>\"Request failed with status code 400\" for endpoint :::> https://api.poloniex.com/markets/DAI/price","timestamp":"2024-11-29T19:31:44.209Z"}
{"level":"error","message":"Error validating arbitrage opportunity: ERROR MESSAGE =>\"Request failed with status code 400\" for endpoint :::> https://api.poloniex.com/markets/AAVE/price","timestamp":"2024-11-29T19:31:46.964Z"}
{"level":"error","message":"Error validating arbitrage opportunity: ERROR MESSAGE =>\"Request failed with status code 400\" for endpoint :::> https://api.poloniex.com/markets/DAI/price","timestamp":"2024-11-29T19:31:46.967Z"}
{"level":"error","message":"Error validating arbitrage opportunity: ERROR MESSAGE =>\"Request failed with status code 400\" for endpoint :::> https://api.poloniex.com/markets/AAVE/price","timestamp":"2024-11-29T19:31:50.446Z"}
{"level":"error","message":"Error validating arbitrage opportunity: ERROR MESSAGE =>\"Request failed with status code 400\" for endpoint :::> https://api.poloniex.com/markets/DAI/price","timestamp":"2024-11-29T19:31:50.450Z"}
{"level":"error","message":"Error validating arbitrage opportunity: ERROR MESSAGE =>\"Request failed with status code 400\" for endpoint :::> https://api.poloniex.com/markets/AAVE/price","timestamp":"2024-11-29T19:32:28.325Z"}
{"level":"error","message":"Error validating arbitrage opportunity: ERROR MESSAGE =>\"Request failed with status code 400\" for endpoint :::> https://api.poloniex.com/markets/DAI/price","timestamp":"2024-11-29T19:32:28.328Z"}
{"level":"error","message":"Error validating arbitrage opportunity: ERROR MESSAGE =>\"Request failed with status code 400\" for endpoint :::> https://api.poloniex.com/markets/AAVE/price","timestamp":"2024-11-29T19:32:42.508Z"}
{"level":"error","message":"Error validating arbitrage opportunity: ERROR MESSAGE =>\"Request failed with status code 400\" for endpoint :::> https://api.poloniex.com/markets/DAI/price","timestamp":"2024-11-29T19:32:42.515Z"}
{"level":"error","message":"Error validating arbitrage opportunity: ERROR MESSAGE =>\"Request failed with status code 400\" for endpoint :::> https://api.poloniex.com/markets/AAVE/price","timestamp":"2024-11-29T19:32:49.232Z"}
{"level":"error","message":"Error validating arbitrage opportunity: ERROR MESSAGE =>\"Request failed with status code 400\" for endpoint :::> https://api.poloniex.com/markets/DAI/price","timestamp":"2024-11-29T19:32:49.234Z"}
{"level":"error","message":"Error validating arbitrage opportunity: ERROR MESSAGE =>\"Request failed with status code 400\" for endpoint :::> https://api.poloniex.com/markets/AAVE/price","timestamp":"2024-11-29T19:32:55.507Z"}
{"level":"error","message":"Error validating arbitrage opportunity: ERROR MESSAGE =>\"Request failed with status code 400\" for endpoint :::> https://api.poloniex.com/markets/DAI/price","timestamp":"2024-11-29T19:32:55.609Z"}
{"level":"error","message":"Error validating arbitrage opportunity: ERROR MESSAGE =>\"Request failed with status code 400\" for endpoint :::> https://api.poloniex.com/markets/DAI/price","timestamp":"2024-11-29T19:33:03.457Z"}
{"level":"error","message":"Error validating arbitrage opportunity: ERROR MESSAGE =>\"Request failed with status code 400\" for endpoint :::> https://api.poloniex.com/markets/AAVE/price","timestamp":"2024-11-29T19:33:03.503Z"}
{"level":"error","message":"Error validating arbitrage opportunity: ERROR MESSAGE =>\"Request failed with status code 400\" for endpoint :::> https://api.poloniex.com/markets/DAI/price","timestamp":"2024-11-29T19:33:33.870Z"}
{"level":"error","message":"Error validating arbitrage opportunity: ERROR MESSAGE =>\"Request failed with status code 400\" for endpoint :::> https://api.poloniex.com/markets/AAVE/price","timestamp":"2024-11-29T19:33:33.873Z"}
{"level":"error","message":"Error validating arbitrage opportunity: ERROR MESSAGE =>\"Request failed with status code 400\" for endpoint :::> https://api.poloniex.com/markets/AAVE/price","timestamp":"2024-11-29T19:33:57.732Z"}
{"level":"error","message":"Error validating arbitrage opportunity: ERROR MESSAGE =>\"Request failed with status code 400\" for endpoint :::> https://api.poloniex.com/markets/DAI/price","timestamp":"2024-11-29T19:33:57.735Z"}
{"level":"error","message":"Error validating arbitrage opportunity: ERROR MESSAGE =>\"Request failed with status code 400\" for endpoint :::> https://api.poloniex.com/markets/AAVE/price","timestamp":"2024-11-29T19:34:01.006Z"}
{"level":"error","message":"Error validating arbitrage opportunity: ERROR MESSAGE =>\"Request failed with status code 400\" for endpoint :::> https://api.poloniex.com/markets/DAI/price","timestamp":"2024-11-29T19:34:01.044Z"}
{"level":"error","message":"Error validating arbitrage opportunity: ERROR MESSAGE =>\"Request failed with status code 400\" for endpoint :::> https://api.poloniex.com/markets/DAI/price","timestamp":"2024-11-29T19:34:13.792Z"}
{"level":"error","message":"Error validating arbitrage opportunity: ERROR MESSAGE =>\"Request failed with status code 400\" for endpoint :::> https://api.poloniex.com/markets/AAVE/price","timestamp":"2024-11-29T19:34:13.795Z"}
{"level":"error","message":"Error validating arbitrage opportunity: ERROR MESSAGE =>\"Request failed with status code 400\" for endpoint :::> https://api.poloniex.com/markets/AAVE/price","timestamp":"2024-11-29T19:34:22.037Z"}
{"level":"error","message":"Error validating arbitrage opportunity: ERROR MESSAGE =>\"Request failed with status code 400\" for endpoint :::> https://api.poloniex.com/markets/DAI/price","timestamp":"2024-11-29T19:34:22.042Z"}
{"level":"error","message":"Error validating arbitrage opportunity: ERROR MESSAGE =>\"Request failed with status code 400\" for endpoint :::> https://api.poloniex.com/markets/AAVE/price","timestamp":"2024-11-29T19:34:44.513Z"}
{"level":"error","message":"Error validating arbitrage opportunity: ERROR MESSAGE =>\"Request failed with status code 400\" for endpoint :::> https://api.poloniex.com/markets/DAI/price","timestamp":"2024-11-29T19:34:44.565Z"}
{"level":"error","message":"Error validating arbitrage opportunity: ERROR MESSAGE =>\"Request failed with status code 400\" for endpoint :::> https://api.poloniex.com/markets/AAVE/price","timestamp":"2024-11-29T19:34:50.979Z"}
{"level":"error","message":"Error validating arbitrage opportunity: ERROR MESSAGE =>\"Request failed with status code 400\" for endpoint :::> https://api.poloniex.com/markets/DAI/price","timestamp":"2024-11-29T19:34:50.982Z"}
{"level":"error","message":"Error validating arbitrage opportunity: ERROR MESSAGE =>\"Request failed with status code 400\" for endpoint :::> https://api.poloniex.com/markets/AAVE/price","timestamp":"2024-11-29T19:34:57.532Z"}
{"level":"error","message":"Error validating arbitrage opportunity: ERROR MESSAGE =>\"Request failed with status code 400\" for endpoint :::> https://api.poloniex.com/markets/DAI/price","timestamp":"2024-11-29T19:34:57.535Z"}
{"level":"error","message":"Error validating arbitrage opportunity: ERROR MESSAGE =>\"Request failed with status code 400\" for endpoint :::> https://api.poloniex.com/markets/AAVE/price","timestamp":"2024-11-29T19:35:04.393Z"}
{"level":"error","message":"Error validating arbitrage opportunity: ERROR MESSAGE =>\"Request failed with status code 400\" for endpoint :::> https://api.poloniex.com/markets/DAI/price","timestamp":"2024-11-29T19:35:04.481Z"}
{"level":"error","message":"Error validating arbitrage opportunity: ERROR MESSAGE =>\"Request failed with status code 400\" for endpoint :::> https://api.poloniex.com/markets/AAVE/price","timestamp":"2024-11-29T19:35:20.266Z"}
{"level":"error","message":"Error validating arbitrage opportunity: ERROR MESSAGE =>\"Request failed with status code 400\" for endpoint :::> https://api.poloniex.com/markets/DAI/price","timestamp":"2024-11-29T19:35:20.269Z"}
{"level":"error","message":"Error validating arbitrage opportunity: ERROR MESSAGE =>\"Request failed with status code 400\" for endpoint :::> https://api.poloniex.com/markets/AAVE/price","timestamp":"2024-11-29T19:35:30.607Z"}
{"level":"error","message":"Error validating arbitrage opportunity: ERROR MESSAGE =>\"Request failed with status code 400\" for endpoint :::> https://api.poloniex.com/markets/DAI/price","timestamp":"2024-11-29T19:35:30.611Z"}
{"level":"error","message":"Error validating arbitrage opportunity: ERROR MESSAGE =>\"Request failed with status code 400\" for endpoint :::> https://api.poloniex.com/markets/AAVE/price","timestamp":"2024-11-29T19:35:55.184Z"}
{"level":"error","message":"Error validating arbitrage opportunity: ERROR MESSAGE =>\"Request failed with status code 400\" for endpoint :::> https://api.poloniex.com/markets/DAI/price","timestamp":"2024-11-29T19:35:55.188Z"}
{"level":"error","message":"Error validating arbitrage opportunity: ERROR MESSAGE =>\"Request failed with status code 400\" for endpoint :::> https://api.poloniex.com/markets/DAI/price","timestamp":"2024-11-29T19:36:11.058Z"}
{"level":"error","message":"Error validating arbitrage opportunity: ERROR MESSAGE =>\"Request failed with status code 400\" for endpoint :::> https://api.poloniex.com/markets/AAVE/price","timestamp":"2024-11-29T19:36:11.061Z"}
{"level":"error","message":"Error validating arbitrage opportunity: ERROR MESSAGE =>\"Request failed with status code 400\" for endpoint :::> https://api.poloniex.com/markets/DAI/price","timestamp":"2024-11-29T19:36:17.850Z"}
{"level":"error","message":"Error validating arbitrage opportunity: ERROR MESSAGE =>\"Request failed with status code 400\" for endpoint :::> https://api.poloniex.com/markets/AAVE/price","timestamp":"2024-11-29T19:36:17.902Z"}
{"level":"error","message":"Error validating arbitrage opportunity: ERROR MESSAGE =>\"Request failed with status code 400\" for endpoint :::> https://api.poloniex.com/markets/AAVE/price","timestamp":"2024-11-29T19:36:31.638Z"}
{"level":"error","message":"Error validating arbitrage opportunity: ERROR MESSAGE =>\"Request failed with status code 400\" for endpoint :::> https://api.poloniex.com/markets/DAI/price","timestamp":"2024-11-29T19:36:31.645Z"}
{"level":"error","message":"Error validating arbitrage opportunity: ERROR MESSAGE =>\"Request failed with status code 400\" for endpoint :::> https://api.poloniex.com/markets/AAVE/price","timestamp":"2024-11-29T19:37:01.337Z"}
{"level":"error","message":"Error validating arbitrage opportunity: ERROR MESSAGE =>\"Request failed with status code 400\" for endpoint :::> https://api.poloniex.com/markets/DAI/price","timestamp":"2024-11-29T19:37:01.744Z"}
{"code":"TIMEOUT","level":"error","message":"Error finding sandwich target: request timeout (code=TIMEOUT, version=6.13.4)","shortMessage":"request timeout","stack":"Error: request timeout (code=TIMEOUT, version=6.13.4)\n    at makeError (C:\\Users\\valia\\Documents\\mevbotV2\\server\\node_modules\\ethers\\lib.commonjs\\utils\\errors.js:129:21)\n    at ClientRequest.<anonymous> (C:\\Users\\valia\\Documents\\mevbotV2\\server\\node_modules\\ethers\\lib.commonjs\\utils\\geturl.js:59:50)\n    at ClientRequest.emit (node:events:519:28)\n    at TLSSocket.emitRequestTimeout (node:_http_client:856:9)\n    at Object.onceWrapper (node:events:633:28)\n    at TLSSocket.emit (node:events:531:35)\n    at Socket._onTimeout (node:net:591:8)\n    at listOnTimeout (node:internal/timers:581:17)\n    at process.processTimers (node:internal/timers:519:7)","timestamp":"2024-11-29T19:37:26.298Z"}
{"level":"error","message":"Error validating arbitrage opportunity: ERROR MESSAGE =>\"Request failed with status code 400\" for endpoint :::> https://api.poloniex.com/markets/AAVE/price","timestamp":"2024-11-29T19:37:38.314Z"}
{"level":"error","message":"Error validating arbitrage opportunity: ERROR MESSAGE =>\"Request failed with status code 400\" for endpoint :::> https://api.poloniex.com/markets/DAI/price","timestamp":"2024-11-29T19:37:38.317Z"}
{"level":"error","message":"Error validating arbitrage opportunity: ERROR MESSAGE =>\"Request failed with status code 400\" for endpoint :::> https://api.poloniex.com/markets/DAI/price","timestamp":"2024-11-29T19:38:29.209Z"}
{"level":"error","message":"Error validating arbitrage opportunity: ERROR MESSAGE =>\"Request failed with status code 400\" for endpoint :::> https://api.poloniex.com/markets/AAVE/price","timestamp":"2024-11-29T19:38:29.344Z"}
{"level":"error","message":"Error validating arbitrage opportunity: ERROR MESSAGE =>\"Request failed with status code 400\" for endpoint :::> https://api.poloniex.com/markets/DAI/price","timestamp":"2024-11-29T19:38:29.390Z"}
{"level":"error","message":"Error validating arbitrage opportunity: ERROR MESSAGE =>\"Request failed with status code 400\" for endpoint :::> https://api.poloniex.com/markets/AAVE/price","timestamp":"2024-11-29T19:38:33.501Z"}
{"level":"error","message":"Error validating arbitrage opportunity: ERROR MESSAGE =>\"Request failed with status code 400\" for endpoint :::> https://api.poloniex.com/markets/DAI/price","timestamp":"2024-11-29T19:38:43.226Z"}
{"level":"error","message":"Error validating arbitrage opportunity: ERROR MESSAGE =>\"Request failed with status code 400\" for endpoint :::> https://api.poloniex.com/markets/AAVE/price","timestamp":"2024-11-29T19:38:43.230Z"}
{"level":"error","message":"Error validating arbitrage opportunity: ERROR MESSAGE =>\"Request failed with status code 400\" for endpoint :::> https://api.poloniex.com/markets/DAI/price","timestamp":"2024-11-29T19:38:51.211Z"}
{"level":"error","message":"Error validating arbitrage opportunity: ERROR MESSAGE =>\"Request failed with status code 400\" for endpoint :::> https://api.poloniex.com/markets/AAVE/price","timestamp":"2024-11-29T19:38:51.214Z"}
{"level":"error","message":"Error validating arbitrage opportunity: ERROR MESSAGE =>\"Request failed with status code 400\" for endpoint :::> https://api.poloniex.com/markets/AAVE/price","timestamp":"2024-11-29T19:39:15.926Z"}
{"level":"error","message":"Error validating arbitrage opportunity: ERROR MESSAGE =>\"Request failed with status code 400\" for endpoint :::> https://api.poloniex.com/markets/DAI/price","timestamp":"2024-11-29T19:39:15.956Z"}
{"level":"error","message":"Error validating arbitrage opportunity: ERROR MESSAGE =>\"Request failed with status code 400\" for endpoint :::> https://api.poloniex.com/markets/DAI/price","timestamp":"2024-11-29T19:39:27.255Z"}
{"level":"error","message":"Error validating arbitrage opportunity: ERROR MESSAGE =>\"Request failed with status code 400\" for endpoint :::> https://api.poloniex.com/markets/AAVE/price","timestamp":"2024-11-29T19:39:27.259Z"}
{"level":"error","message":"Error validating arbitrage opportunity: ERROR MESSAGE =>\"Request failed with status code 400\" for endpoint :::> https://api.poloniex.com/markets/DAI/price","timestamp":"2024-11-29T19:39:34.230Z"}
{"level":"error","message":"Error validating arbitrage opportunity: ERROR MESSAGE =>\"Request failed with status code 400\" for endpoint :::> https://api.poloniex.com/markets/AAVE/price","timestamp":"2024-11-29T19:39:34.287Z"}
{"level":"error","message":"Error validating arbitrage opportunity: ERROR MESSAGE =>\"Request failed with status code 400\" for endpoint :::> https://api.poloniex.com/markets/AAVE/price","timestamp":"2024-11-29T19:40:48.509Z"}
{"level":"error","message":"Error validating arbitrage opportunity: ERROR MESSAGE =>\"Request failed with status code 400\" for endpoint :::> https://api.poloniex.com/markets/DAI/price","timestamp":"2024-11-29T19:40:48.767Z"}
{"level":"error","message":"Error validating arbitrage opportunity: ERROR MESSAGE =>\"Request failed with status code 400\" for endpoint :::> https://api.poloniex.com/markets/AAVE/price","timestamp":"2024-11-29T19:40:51.341Z"}
{"level":"error","message":"Error validating arbitrage opportunity: ERROR MESSAGE =>\"Request failed with status code 400\" for endpoint :::> https://api.poloniex.com/markets/DAI/price","timestamp":"2024-11-29T19:40:51.345Z"}
{"level":"error","message":"Error validating arbitrage opportunity: ERROR MESSAGE =>\"Request failed with status code 400\" for endpoint :::> https://api.poloniex.com/markets/AAVE/price","timestamp":"2024-11-29T19:40:59.243Z"}
{"level":"error","message":"Error validating arbitrage opportunity: ERROR MESSAGE =>\"Request failed with status code 400\" for endpoint :::> https://api.poloniex.com/markets/DAI/price","timestamp":"2024-11-29T19:40:59.270Z"}
{"level":"error","message":"Error validating arbitrage opportunity: ERROR MESSAGE =>\"Request failed with status code 400\" for endpoint :::> https://api.poloniex.com/markets/DAI/price","timestamp":"2024-11-29T19:41:12.326Z"}
{"level":"error","message":"Error validating arbitrage opportunity: ERROR MESSAGE =>\"Request failed with status code 400\" for endpoint :::> https://api.poloniex.com/markets/AAVE/price","timestamp":"2024-11-29T19:41:12.338Z"}
